==27758== Memcheck, a memory error detector
==27758== Copyright (C) 2002-2022, and GNU GPL'd, by Julian Seward et al.
==27758== Using Valgrind-3.19.0 and LibVEX; rerun with -h for copyright info
==27758== Command: ./a.out
==27758== Parent PID: 4390
==27758== 
==27758== 
==27758== HEAP SUMMARY:
==27758==     in use at exit: 4 bytes in 1 blocks
==27758==   total heap usage: 2 allocs, 1 frees, 72,708 bytes allocated
==27758== 
==27758== 4 bytes in 1 blocks are definitely lost in loss record 1 of 1
==27758==    at 0x4840F2F: operator new(unsigned long) (vg_replace_malloc.c:422)
==27758==    by 0x10932F: std::__new_allocator<int>::allocate(unsigned long, void const*) (in /home/casper/Desktop/containers/a.out)
==27758==    by 0x109264: ft::vector<int, std::allocator<int> >::__allocate(unsigned long) (in /home/casper/Desktop/containers/a.out)
==27758==    by 0x109210: ft::vector<int, std::allocator<int> >::vector(unsigned long) (in /home/casper/Desktop/containers/a.out)
==27758==    by 0x1091E5: main (in /home/casper/Desktop/containers/a.out)
==27758== 
==27758== LEAK SUMMARY:
==27758==    definitely lost: 4 bytes in 1 blocks
==27758==    indirectly lost: 0 bytes in 0 blocks
==27758==      possibly lost: 0 bytes in 0 blocks
==27758==    still reachable: 0 bytes in 0 blocks
==27758==         suppressed: 0 bytes in 0 blocks
==27758== 
==27758== For lists of detected and suppressed errors, rerun with: -s
==27758== ERROR SUMMARY: 1 errors from 1 contexts (suppressed: 0 from 0)
